[      83ms] [WARNING] [@tanstack/router-devtools] This package has moved to @tanstack/react-router-devtools. Please switch to the new package at your earliest convenience, as this package will be dropped in the next major version release. @ http://localhost:5173/node_modules/.vite/deps/@tanstack_router-devtools.js?v=44c221e3:134
[     199ms] [ERROR] In HTML, %s cannot be a descendant of <%s>.
This will cause a hydration error.%s <button> button 

  ...
    <Collapsible data-orientation="vertical" data-state="open" __scopeCollapsible={{...}} ref={null} disabled={undefined} ...>
      <CollapsibleProvider scope={{...}} disabled={undefined} contentId="radix-_r_e_" open={true} onOpenToggle={function}>
        <Primitive.div data-state="open" data-disabled={undefined} data-orientation="vertical" ref={null}>
          <div data-state="open" data-disabled={undefined} data-orientation="vertical" ref={null}>
            <_c level={0} isSelected={true} isOpen={true} className="group hove..." onClick={function onClick}>
              <AccordionHeader className="w-full rel...">
                <Primitive.h3 data-orientation="vertical" data-state="open" data-disabled={undefined} ...>
                  <h3 data-orientation="vertical" data-state="open" data-disabled={undefined} className="w-full rel..." ...>
                    <AccordionTrigger ref={null} className="group flex..." isSelected={true} onClick={function onClick}>
                      <AccordionCollectionItemSlot scope={undefined}>
                        <AccordionCollectionItemSlot.Slot data-radix-collection-item="" ref={function}>
                          <AccordionCollectionItemSlot.SlotClone data-radix-collection-item="" ref={function}>
                            <CollapsibleTrigger aria-disabled={undefined} data-orientation="vertical" id="radix-_r_d_" ...>
                              <Primitive.button type="button" aria-controls="radix-_r_e_" aria-expanded={true} ...>
>                               <button
>                                 type="button"
>                                 aria-controls="radix-_r_e_"
>                                 aria-expanded={true}
>                                 data-state="open"
>                                 data-disabled={undefined}
>                                 disabled={undefined}
>                                 aria-disabled={undefined}
>                                 data-orientation="vertical"
>                                 id="radix-_r_d_"
>                                 className="group flex items-center w-full min-w-0 overflow-hidden px-0 outline-none ..."
>                                 isSelected={true}
>                                 onClick={function handleEvent}
>                                 data-radix-collection-item=""
>                                 ref={function}
>                               >
                                  <div>
                                  <ChevronRight>
                                  ...
                                    <Primitive.div.Slot ref={function}>
                                      <Primitive.div.SlotClone ref={function}>
                                        <Primitive.button type="button" role="combobox" aria-controls="radix-_r_f_" ...>
>                                         <button
>                                           type="button"
>                                           role="combobox"
>                                           aria-controls="radix-_r_f_"
>                                           aria-expanded={false}
>                                           aria-required={undefined}
>                                           aria-autocomplete="none"
>                                           dir="ltr"
>                                           data-state="closed"
>                                           disabled={false}
>                                           data-disabled={undefined}
>                                           data-placeholder={undefined}
>                                           className={"flex items-center justify-between ring-offset-background focu..."}
>                                           id="type-select-019cfcc3-43c7-7263-8c3f-0c24efaf072a"
>                                           aria-labelledby="type-select-label-019cfcc3-43c7-7263-8c3f-0c24efaf072a"
>                                           onClick={function handleEvent}
>                                           onPointerDown={function handleEvent}
>                                           onKeyDown={function handleEvent}
>                                           ref={function}
>                                         >
            ...
 @ http://localhost:5173/node_modules/.vite/deps/react-dom_client.js?v=44c221e3:2155
[     199ms] [ERROR] <%s> cannot contain a nested %s.
See this log for the ancestor stack trace. button <button> @ http://localhost:5173/node_modules/.vite/deps/react-dom_client.js?v=44c221e3:2162
[     203ms] [ERROR] React does not recognize the `%s` prop on a DOM element. If you intentionally want it to appear in the DOM as a custom attribute, spell it as lowercase `%s` instead. If you accidentally passed it from a parent component, remove it from the DOM element. isSelected isselected @ http://localhost:5173/node_modules/.vite/deps/react-dom_client.js?v=44c221e3:2402
[     233ms] [WARNING] [ECharts] Can't get DOM width or height. Please check dom.clientWidth and dom.clientHeight. They should not be 0.For example, you may need to call this in the callback of window.onload. @ http://localhost:5173/node_modules/.vite/deps/chunk-IYRJS5K4.js?v=44c221e3:607
[     242ms] [WARNING] TypeError: Cannot read properties of undefined (reading 'disconnect')
    at Object.destroy2 [as destroy] (http://localhost:5173/node_modules/.vite/deps/echarts-for-react_lib_core.js?v=44c221e3:195:16)
    at removeSensor2 (http://localhost:5173/node_modules/.vite/deps/echarts-for-react_lib_core.js?v=44c221e3:273:14)
    at clear2 (http://localhost:5173/node_modules/.vite/deps/echarts-for-react_lib_core.js?v=44c221e3:299:36)
    at EChartsReactCore2.dispose (http://localhost:5173/node_modules/.vite/deps/echarts-for-react_lib_core.js?v=44c221e3:472:39)
    at EChartsReactCore2.componentWillUnmount (http://localhost:5173/node_modules/.vite/deps/echarts-for-react_lib_core.js?v=44c221e3:446:16)
    at Object.react_stack_bottom_frame (http://localhost:5173/node_modules/.vite/deps/react-dom_client.js?v=44c221e3:18556:22)
    at runWithFiberInDEV (http://localhost:5173/node_modules/.vite/deps/react-dom_client.js?v=44c221e3:997:72)
    at safelyCallComponentWillUnmount (http://localhost:5173/node_modules/.vite/deps/react-dom_client.js?v=44c221e3:9544:56)
    at disappearLayoutEffects (http://localhost:5173/node_modules/.vite/deps/react-dom_client.js?v=44c221e3:10811:68)
    at recursivelyTraverseDisappearLayoutEffects (http://localhost:5173/node_modules/.vite/deps/react-dom_client.js?v=44c221e3:10852:11) @ http://localhost:5173/node_modules/.vite/deps/echarts-for-react_lib_core.js?v=44c221e3:473
[     245ms] [WARNING] [ECharts] Can't get DOM width or height. Please check dom.clientWidth and dom.clientHeight. They should not be 0.For example, you may need to call this in the callback of window.onload. @ http://localhost:5173/node_modules/.vite/deps/chunk-IYRJS5K4.js?v=44c221e3:607
[     794ms] [WARNING] TypeError: Cannot read properties of undefined (reading 'disconnect')
    at Object.destroy2 [as destroy] (http://localhost:5173/node_modules/.vite/deps/echarts-for-react_lib_core.js?v=44c221e3:195:16)
    at removeSensor2 (http://localhost:5173/node_modules/.vite/deps/echarts-for-react_lib_core.js?v=44c221e3:273:14)
    at clear2 (http://localhost:5173/node_modules/.vite/deps/echarts-for-react_lib_core.js?v=44c221e3:299:36)
    at EChartsReactCore2.dispose (http://localhost:5173/node_modules/.vite/deps/echarts-for-react_lib_core.js?v=44c221e3:472:39)
    at EChartsReactCore2.componentWillUnmount (http://localhost:5173/node_modules/.vite/deps/echarts-for-react_lib_core.js?v=44c221e3:446:16)
    at Object.react_stack_bottom_frame (http://localhost:5173/node_modules/.vite/deps/react-dom_client.js?v=44c221e3:18556:22)
    at runWithFiberInDEV (http://localhost:5173/node_modules/.vite/deps/react-dom_client.js?v=44c221e3:997:72)
    at safelyCallComponentWillUnmount (http://localhost:5173/node_modules/.vite/deps/react-dom_client.js?v=44c221e3:9544:56)
    at disappearLayoutEffects (http://localhost:5173/node_modules/.vite/deps/react-dom_client.js?v=44c221e3:10811:68)
    at recursivelyTraverseDisappearLayoutEffects (http://localhost:5173/node_modules/.vite/deps/react-dom_client.js?v=44c221e3:10852:11)
    at disappearLayoutEffects (http://localhost:5173/node_modules/.vite/deps/react-dom_client.js?v=44c221e3:10806:13)
    at recursivelyTraverseDisappearLayoutEffects (http://localhost:5173/node_modules/.vite/deps/react-dom_client.js?v=44c221e3:10852:11)
    at disappearLayoutEffects (http://localhost:5173/node_modules/.vite/deps/react-dom_client.js?v=44c221e3:10830:52)
    at doubleInvokeEffectsOnFiber (http://localhost:5173/node_modules/.vite/deps/react-dom_client.js?v=44c221e3:13339:11)
    at runWithFiberInDEV (http://localhost:5173/node_modules/.vite/deps/react-dom_client.js?v=44c221e3:999:15)
    at recursivelyTraverseAndDoubleInvokeEffectsInDEV (http://localhost:5173/node_modules/.vite/deps/react-dom_client.js?v=44c221e3:13321:92)
    at recursivelyTraverseAndDoubleInvokeEffectsInDEV (http://localhost:5173/node_modules/.vite/deps/react-dom_client.js?v=44c221e3:13317:17)
    at recursivelyTraverseAndDoubleInvokeEffectsInDEV (http://localhost:5173/node_modules/.vite/deps/react-dom_client.js?v=44c221e3:13317:17)
    at recursivelyTraverseAndDoubleInvokeEffectsInDEV (http://localhost:5173/node_modules/.vite/deps/react-dom_client.js?v=44c221e3:13317:17)
    at recursivelyTraverseAndDoubleInvokeEffectsInDEV (http://localhost:5173/node_modules/.vite/deps/react-dom_client.js?v=44c221e3:13317:17)
    at recursivelyTraverseAndDoubleInvokeEffectsInDEV (http://localhost:5173/node_modules/.vite/deps/react-dom_client.js?v=44c221e3:13317:17)
    at recursivelyTraverseAndDoubleInvokeEffectsInDEV (http://localhost:5173/node_modules/.vite/deps/react-dom_client.js?v=44c221e3:13317:17)
    at recursivelyTraverseAndDoubleInvokeEffectsInDEV (http://localhost:5173/node_modules/.vite/deps/react-dom_client.js?v=44c221e3:13317:17)
    at recursivelyTraverseAndDoubleInvokeEffectsInDEV (http://localhost:5173/node_modules/.vite/deps/react-dom_client.js?v=44c221e3:13317:17)
    at recursivelyTraverseAndDoubleInvokeEffectsInDEV (http://localhost:5173/node_modules/.vite/deps/react-dom_client.js?v=44c221e3:13317:17)
    at recursivelyTraverseAndDoubleInvokeEffectsInDEV (http://localhost:5173/node_modules/.vite/deps/react-dom_client.js?v=44c221e3:13317:17)
    at recursivelyTraverseAndDoubleInvokeEffectsInDEV (http://localhost:5173/node_modules/.vite/deps/react-dom_client.js?v=44c221e3:13317:17)
    at recursivelyTraverseAndDoubleInvokeEffectsInDEV (http://localhost:5173/node_modules/.vite/deps/react-dom_client.js?v=44c221e3:13317:17)
    at recursivelyTraverseAndDoubleInvokeEffectsInDEV (http://localhost:5173/node_modules/.vite/deps/react-dom_client.js?v=44c221e3:13317:17)
    at recursivelyTraverseAndDoubleInvokeEffectsInDEV (http://localhost:5173/node_modules/.vite/deps/react-dom_client.js?v=44c221e3:13317:17)
    at recursivelyTraverseAndDoubleInvokeEffectsInDEV (http://localhost:5173/node_modules/.vite/deps/react-dom_client.js?v=44c221e3:13317:17)
    at recursivelyTraverseAndDoubleInvokeEffectsInDEV (http://localhost:5173/node_modules/.vite/deps/react-dom_client.js?v=44c221e3:13317:17)
    at recursivelyTraverseAndDoubleInvokeEffectsInDEV (http://localhost:5173/node_modules/.vite/deps/react-dom_client.js?v=44c221e3:13317:17)
    at recursivelyTraverseAndDoubleInvokeEffectsInDEV (http://localhost:5173/node_modules/.vite/deps/react-dom_client.js?v=44c221e3:13317:17)
    at recursivelyTraverseAndDoubleInvokeEffectsInDEV (http://localhost:5173/node_modules/.vite/deps/react-dom_client.js?v=44c221e3:13317:17)
    at recursivelyTraverseAndDoubleInvokeEffectsInDEV (http://localhost:5173/node_modules/.vite/deps/react-dom_client.js?v=44c221e3:13317:17)
    at recursivelyTraverseAndDoubleInvokeEffectsInDEV (http://localhost:5173/node_modules/.vite/deps/react-dom_client.js?v=44c221e3:13317:17)
    at recursivelyTraverseAndDoubleInvokeEffectsInDEV (http://localhost:5173/node_modules/.vite/deps/react-dom_client.js?v=44c221e3:13317:17)
    at recursivelyTraverseAndDoubleInvokeEffectsInDEV (http://localhost:5173/node_modules/.vite/deps/react-dom_client.js?v=44c221e3:13317:17)
    at recursivelyTraverseAndDoubleInvokeEffectsInDEV (http://localhost:5173/node_modules/.vite/deps/react-dom_client.js?v=44c221e3:13317:17)
    at recursivelyTraverseAndDoubleInvokeEffectsInDEV (http://localhost:5173/node_modules/.vite/deps/react-dom_client.js?v=44c221e3:13317:17)
    at recursivelyTraverseAndDoubleInvokeEffectsInDEV (http://localhost:5173/node_modules/.vite/deps/react-dom_client.js?v=44c221e3:13317:17)
    at recursivelyTraverseAndDoubleInvokeEffectsInDEV (http://localhost:5173/node_modules/.vite/deps/react-dom_client.js?v=44c221e3:13317:17)
    at recursivelyTraverseAndDoubleInvokeEffectsInDEV (http://localhost:5173/node_modules/.vite/deps/react-dom_client.js?v=44c221e3:13317:17)
    at recursivelyTraverseAndDoubleInvokeEffectsInDEV (http://localhost:5173/node_modules/.vite/deps/react-dom_client.js?v=44c221e3:13317:17)
    at recursivelyTraverseAndDoubleInvokeEffectsInDEV (http://localhost:5173/node_modules/.vite/deps/react-dom_client.js?v=44c221e3:13317:17)
    at recursivelyTraverseAndDoubleInvokeEffectsInDEV (http://localhost:5173/node_modules/.vite/deps/react-dom_client.js?v=44c221e3:13317:17)
    at recursivelyTraverseAndDoubleInvokeEffectsInDEV (http://localhost:5173/node_modules/.vite/deps/react-dom_client.js?v=44c221e3:13317:17)
    at recursivelyTraverseAndDoubleInvokeEffectsInDEV (http://localhost:5173/node_modules/.vite/deps/react-dom_client.js?v=44c221e3:13317:17)
    at recursivelyTraverseAndDoubleInvokeEffectsInDEV (http://localhost:5173/node_modules/.vite/deps/react-dom_client.js?v=44c221e3:13317:17)
    at recursivelyTraverseAndDoubleInvokeEffectsInDEV (http://localhost:5173/node_modules/.vite/deps/react-dom_client.js?v=44c221e3:13317:17)
    at recursivelyTraverseAndDoubleInvokeEffectsInDEV (http://localhost:5173/node_modules/.vite/deps/react-dom_client.js?v=44c221e3:13317:17)
    at recursivelyTraverseAndDoubleInvokeEffectsInDEV (http://localhost:5173/node_modules/.vite/deps/react-dom_client.js?v=44c221e3:13317:17)
    at recursivelyTraverseAndDoubleInvokeEffectsInDEV (http://localhost:5173/node_modules/.vite/deps/react-dom_client.js?v=44c221e3:13317:17)
    at recursivelyTraverseAndDoubleInvokeEffectsInDEV (http://localhost:5173/node_modules/.vite/deps/react-dom_client.js?v=44c221e3:13317:17)
    at recursivelyTraverseAndDoubleInvokeEffectsInDEV (http://localhost:5173/node_modules/.vite/deps/react-dom_client.js?v=44c221e3:13317:17)
    at recursivelyTraverseAndDoubleInvokeEffectsInDEV (http://localhost:5173/node_modules/.vite/deps/react-dom_client.js?v=44c221e3:13317:17)
    at recursivelyTraverseAndDoubleInvokeEffectsInDEV (http://localhost:5173/node_modules/.vite/deps/react-dom_client.js?v=44c221e3:13317:17)
    at recursivelyTraverseAndDoubleInvokeEffectsInDEV (http://localhost:5173/node_modules/.vite/deps/react-dom_client.js?v=44c221e3:13317:17)
    at recursivelyTraverseAndDoubleInvokeEffectsInDEV (http://localhost:5173/node_modules/.vite/deps/react-dom_client.js?v=44c221e3:13317:17)
    at recursivelyTraverseAndDoubleInvokeEffectsInDEV (http://localhost:5173/node_modules/.vite/deps/react-dom_client.js?v=44c221e3:13317:17)
    at recursivelyTraverseAndDoubleInvokeEffectsInDEV (http://localhost:5173/node_modules/.vite/deps/react-dom_client.js?v=44c221e3:13317:17)
    at recursivelyTraverseAndDoubleInvokeEffectsInDEV (http://localhost:5173/node_modules/.vite/deps/react-dom_client.js?v=44c221e3:13317:17)
    at recursivelyTraverseAndDoubleInvokeEffectsInDEV (http://localhost:5173/node_modules/.vite/deps/react-dom_client.js?v=44c221e3:13317:17) @ http://localhost:5173/node_modules/.vite/deps/echarts-for-react_lib_core.js?v=44c221e3:473
[     795ms] [WARNING] TypeError: Cannot read properties of undefined (reading 'disconnect')
    at Object.destroy2 [as destroy] (http://localhost:5173/node_modules/.vite/deps/echarts-for-react_lib_core.js?v=44c221e3:195:16)
    at removeSensor2 (http://localhost:5173/node_modules/.vite/deps/echarts-for-react_lib_core.js?v=44c221e3:273:14)
    at clear2 (http://localhost:5173/node_modules/.vite/deps/echarts-for-react_lib_core.js?v=44c221e3:299:36)
    at EChartsReactCore2.dispose (http://localhost:5173/node_modules/.vite/deps/echarts-for-react_lib_core.js?v=44c221e3:472:39)
    at EChartsReactCore2.componentWillUnmount (http://localhost:5173/node_modules/.vite/deps/echarts-for-react_lib_core.js?v=44c221e3:446:16)
    at Object.react_stack_bottom_frame (http://localhost:5173/node_modules/.vite/deps/react-dom_client.js?v=44c221e3:18556:22)
    at runWithFiberInDEV (http://localhost:5173/node_modules/.vite/deps/react-dom_client.js?v=44c221e3:997:72)
    at safelyCallComponentWillUnmount (http://localhost:5173/node_modules/.vite/deps/react-dom_client.js?v=44c221e3:9544:56)
    at disappearLayoutEffects (http://localhost:5173/node_modules/.vite/deps/react-dom_client.js?v=44c221e3:10811:68)
    at recursivelyTraverseDisappearLayoutEffects (http://localhost:5173/node_modules/.vite/deps/react-dom_client.js?v=44c221e3:10852:11)
    at disappearLayoutEffects (http://localhost:5173/node_modules/.vite/deps/react-dom_client.js?v=44c221e3:10806:13)
    at recursivelyTraverseDisappearLayoutEffects (http://localhost:5173/node_modules/.vite/deps/react-dom_client.js?v=44c221e3:10852:11)
    at disappearLayoutEffects (http://localhost:5173/node_modules/.vite/deps/react-dom_client.js?v=44c221e3:10830:52)
    at doubleInvokeEffectsOnFiber (http://localhost:5173/node_modules/.vite/deps/react-dom_client.js?v=44c221e3:13339:11)
    at runWithFiberInDEV (http://localhost:5173/node_modules/.vite/deps/react-dom_client.js?v=44c221e3:999:15)
    at recursivelyTraverseAndDoubleInvokeEffectsInDEV (http://localhost:5173/node_modules/.vite/deps/react-dom_client.js?v=44c221e3:13321:92)
    at recursivelyTraverseAndDoubleInvokeEffectsInDEV (http://localhost:5173/node_modules/.vite/deps/react-dom_client.js?v=44c221e3:13317:17)
    at recursivelyTraverseAndDoubleInvokeEffectsInDEV (http://localhost:5173/node_modules/.vite/deps/react-dom_client.js?v=44c221e3:13317:17)
    at recursivelyTraverseAndDoubleInvokeEffectsInDEV (http://localhost:5173/node_modules/.vite/deps/react-dom_client.js?v=44c221e3:13317:17)
    at recursivelyTraverseAndDoubleInvokeEffectsInDEV (http://localhost:5173/node_modules/.vite/deps/react-dom_client.js?v=44c221e3:13317:17)
    at recursivelyTraverseAndDoubleInvokeEffectsInDEV (http://localhost:5173/node_modules/.vite/deps/react-dom_client.js?v=44c221e3:13317:17)
    at recursivelyTraverseAndDoubleInvokeEffectsInDEV (http://localhost:5173/node_modules/.vite/deps/react-dom_client.js?v=44c221e3:13317:17)
    at recursivelyTraverseAndDoubleInvokeEffectsInDEV (http://localhost:5173/node_modules/.vite/deps/react-dom_client.js?v=44c221e3:13317:17)
    at recursivelyTraverseAndDoubleInvokeEffectsInDEV (http://localhost:5173/node_modules/.vite/deps/react-dom_client.js?v=44c221e3:13317:17)
    at recursivelyTraverseAndDoubleInvokeEffectsInDEV (http://localhost:5173/node_modules/.vite/deps/react-dom_client.js?v=44c221e3:13317:17)
    at recursivelyTraverseAndDoubleInvokeEffectsInDEV (http://localhost:5173/node_modules/.vite/deps/react-dom_client.js?v=44c221e3:13317:17)
    at recursivelyTraverseAndDoubleInvokeEffectsInDEV (http://localhost:5173/node_modules/.vite/deps/react-dom_client.js?v=44c221e3:13317:17)
    at recursivelyTraverseAndDoubleInvokeEffectsInDEV (http://localhost:5173/node_modules/.vite/deps/react-dom_client.js?v=44c221e3:13317:17)
    at recursivelyTraverseAndDoubleInvokeEffectsInDEV (http://localhost:5173/node_modules/.vite/deps/react-dom_client.js?v=44c221e3:13317:17)
    at recursivelyTraverseAndDoubleInvokeEffectsInDEV (http://localhost:5173/node_modules/.vite/deps/react-dom_client.js?v=44c221e3:13317:17)
    at recursivelyTraverseAndDoubleInvokeEffectsInDEV (http://localhost:5173/node_modules/.vite/deps/react-dom_client.js?v=44c221e3:13317:17)
    at recursivelyTraverseAndDoubleInvokeEffectsInDEV (http://localhost:5173/node_modules/.vite/deps/react-dom_client.js?v=44c221e3:13317:17)
    at recursivelyTraverseAndDoubleInvokeEffectsInDEV (http://localhost:5173/node_modules/.vite/deps/react-dom_client.js?v=44c221e3:13317:17)
    at recursivelyTraverseAndDoubleInvokeEffectsInDEV (http://localhost:5173/node_modules/.vite/deps/react-dom_client.js?v=44c221e3:13317:17)
    at recursivelyTraverseAndDoubleInvokeEffectsInDEV (http://localhost:5173/node_modules/.vite/deps/react-dom_client.js?v=44c221e3:13317:17)
    at recursivelyTraverseAndDoubleInvokeEffectsInDEV (http://localhost:5173/node_modules/.vite/deps/react-dom_client.js?v=44c221e3:13317:17)
    at recursivelyTraverseAndDoubleInvokeEffectsInDEV (http://localhost:5173/node_modules/.vite/deps/react-dom_client.js?v=44c221e3:13317:17)
    at recursivelyTraverseAndDoubleInvokeEffectsInDEV (http://localhost:5173/node_modules/.vite/deps/react-dom_client.js?v=44c221e3:13317:17)
    at recursivelyTraverseAndDoubleInvokeEffectsInDEV (http://localhost:5173/node_modules/.vite/deps/react-dom_client.js?v=44c221e3:13317:17)
    at recursivelyTraverseAndDoubleInvokeEffectsInDEV (http://localhost:5173/node_modules/.vite/deps/react-dom_client.js?v=44c221e3:13317:17)
    at recursivelyTraverseAndDoubleInvokeEffectsInDEV (http://localhost:5173/node_modules/.vite/deps/react-dom_client.js?v=44c221e3:13317:17)
    at recursivelyTraverseAndDoubleInvokeEffectsInDEV (http://localhost:5173/node_modules/.vite/deps/react-dom_client.js?v=44c221e3:13317:17)
    at recursivelyTraverseAndDoubleInvokeEffectsInDEV (http://localhost:5173/node_modules/.vite/deps/react-dom_client.js?v=44c221e3:13317:17)
    at recursivelyTraverseAndDoubleInvokeEffectsInDEV (http://localhost:5173/node_modules/.vite/deps/react-dom_client.js?v=44c221e3:13317:17)
    at recursivelyTraverseAndDoubleInvokeEffectsInDEV (http://localhost:5173/node_modules/.vite/deps/react-dom_client.js?v=44c221e3:13317:17)
    at recursivelyTraverseAndDoubleInvokeEffectsInDEV (http://localhost:5173/node_modules/.vite/deps/react-dom_client.js?v=44c221e3:13317:17)
    at recursivelyTraverseAndDoubleInvokeEffectsInDEV (http://localhost:5173/node_modules/.vite/deps/react-dom_client.js?v=44c221e3:13317:17)
    at recursivelyTraverseAndDoubleInvokeEffectsInDEV (http://localhost:5173/node_modules/.vite/deps/react-dom_client.js?v=44c221e3:13317:17)
    at recursivelyTraverseAndDoubleInvokeEffectsInDEV (http://localhost:5173/node_modules/.vite/deps/react-dom_client.js?v=44c221e3:13317:17)
    at recursivelyTraverseAndDoubleInvokeEffectsInDEV (http://localhost:5173/node_modules/.vite/deps/react-dom_client.js?v=44c221e3:13317:17)
    at recursivelyTraverseAndDoubleInvokeEffectsInDEV (http://localhost:5173/node_modules/.vite/deps/react-dom_client.js?v=44c221e3:13317:17)
    at recursivelyTraverseAndDoubleInvokeEffectsInDEV (http://localhost:5173/node_modules/.vite/deps/react-dom_client.js?v=44c221e3:13317:17)
    at recursivelyTraverseAndDoubleInvokeEffectsInDEV (http://localhost:5173/node_modules/.vite/deps/react-dom_client.js?v=44c221e3:13317:17)
    at recursivelyTraverseAndDoubleInvokeEffectsInDEV (http://localhost:5173/node_modules/.vite/deps/react-dom_client.js?v=44c221e3:13317:17)
    at recursivelyTraverseAndDoubleInvokeEffectsInDEV (http://localhost:5173/node_modules/.vite/deps/react-dom_client.js?v=44c221e3:13317:17)
    at recursivelyTraverseAndDoubleInvokeEffectsInDEV (http://localhost:5173/node_modules/.vite/deps/react-dom_client.js?v=44c221e3:13317:17)
    at recursivelyTraverseAndDoubleInvokeEffectsInDEV (http://localhost:5173/node_modules/.vite/deps/react-dom_client.js?v=44c221e3:13317:17)
    at recursivelyTraverseAndDoubleInvokeEffectsInDEV (http://localhost:5173/node_modules/.vite/deps/react-dom_client.js?v=44c221e3:13317:17)
    at recursivelyTraverseAndDoubleInvokeEffectsInDEV (http://localhost:5173/node_modules/.vite/deps/react-dom_client.js?v=44c221e3:13317:17)
    at recursivelyTraverseAndDoubleInvokeEffectsInDEV (http://localhost:5173/node_modules/.vite/deps/react-dom_client.js?v=44c221e3:13317:17)
    at recursivelyTraverseAndDoubleInvokeEffectsInDEV (http://localhost:5173/node_modules/.vite/deps/react-dom_client.js?v=44c221e3:13317:17)
    at recursivelyTraverseAndDoubleInvokeEffectsInDEV (http://localhost:5173/node_modules/.vite/deps/react-dom_client.js?v=44c221e3:13317:17)
    at recursivelyTraverseAndDoubleInvokeEffectsInDEV (http://localhost:5173/node_modules/.vite/deps/react-dom_client.js?v=44c221e3:13317:17)
    at recursivelyTraverseAndDoubleInvokeEffectsInDEV (http://localhost:5173/node_modules/.vite/deps/react-dom_client.js?v=44c221e3:13317:17) @ http://localhost:5173/node_modules/.vite/deps/echarts-for-react_lib_core.js?v=44c221e3:473
[     796ms] [WARNING] TypeError: Cannot read properties of undefined (reading 'disconnect')
    at Object.destroy2 [as destroy] (http://localhost:5173/node_modules/.vite/deps/echarts-for-react_lib_core.js?v=44c221e3:195:16)
    at removeSensor2 (http://localhost:5173/node_modules/.vite/deps/echarts-for-react_lib_core.js?v=44c221e3:273:14)
    at clear2 (http://localhost:5173/node_modules/.vite/deps/echarts-for-react_lib_core.js?v=44c221e3:299:36)
    at EChartsReactCore2.dispose (http://localhost:5173/node_modules/.vite/deps/echarts-for-react_lib_core.js?v=44c221e3:472:39)
    at EChartsReactCore2.componentWillUnmount (http://localhost:5173/node_modules/.vite/deps/echarts-for-react_lib_core.js?v=44c221e3:446:16)
    at Object.react_stack_bottom_frame (http://localhost:5173/node_modules/.vite/deps/react-dom_client.js?v=44c221e3:18556:22)
    at runWithFiberInDEV (http://localhost:5173/node_modules/.vite/deps/react-dom_client.js?v=44c221e3:997:72)
    at safelyCallComponentWillUnmount (http://localhost:5173/node_modules/.vite/deps/react-dom_client.js?v=44c221e3:9544:56)
    at disappearLayoutEffects (http://localhost:5173/node_modules/.vite/deps/react-dom_client.js?v=44c221e3:10811:68)
    at recursivelyTraverseDisappearLayoutEffects (http://localhost:5173/node_modules/.vite/deps/react-dom_client.js?v=44c221e3:10852:11)
    at disappearLayoutEffects (http://localhost:5173/node_modules/.vite/deps/react-dom_client.js?v=44c221e3:10806:13)
    at recursivelyTraverseDisappearLayoutEffects (http://localhost:5173/node_modules/.vite/deps/react-dom_client.js?v=44c221e3:10852:11)
    at disappearLayoutEffects (http://localhost:5173/node_modules/.vite/deps/react-dom_client.js?v=44c221e3:10830:52)
    at doubleInvokeEffectsOnFiber (http://localhost:5173/node_modules/.vite/deps/react-dom_client.js?v=44c221e3:13339:11)
    at runWithFiberInDEV (http://localhost:5173/node_modules/.vite/deps/react-dom_client.js?v=44c221e3:999:15)
    at recursivelyTraverseAndDoubleInvokeEffectsInDEV (http://localhost:5173/node_modules/.vite/deps/react-dom_client.js?v=44c221e3:13321:92)
    at recursivelyTraverseAndDoubleInvokeEffectsInDEV (http://localhost:5173/node_modules/.vite/deps/react-dom_client.js?v=44c221e3:13317:17)
    at recursivelyTraverseAndDoubleInvokeEffectsInDEV (http://localhost:5173/node_modules/.vite/deps/react-dom_client.js?v=44c221e3:13317:17)
    at recursivelyTraverseAndDoubleInvokeEffectsInDEV (http://localhost:5173/node_modules/.vite/deps/react-dom_client.js?v=44c221e3:13317:17)
    at recursivelyTraverseAndDoubleInvokeEffectsInDEV (http://localhost:5173/node_modules/.vite/deps/react-dom_client.js?v=44c221e3:13317:17)
    at recursivelyTraverseAndDoubleInvokeEffectsInDEV (http://localhost:5173/node_modules/.vite/deps/react-dom_client.js?v=44c221e3:13317:17)
    at recursivelyTraverseAndDoubleInvokeEffectsInDEV (http://localhost:5173/node_modules/.vite/deps/react-dom_client.js?v=44c221e3:13317:17)
    at recursivelyTraverseAndDoubleInvokeEffectsInDEV (http://localhost:5173/node_modules/.vite/deps/react-dom_client.js?v=44c221e3:13317:17)
    at recursivelyTraverseAndDoubleInvokeEffectsInDEV (http://localhost:5173/node_modules/.vite/deps/react-dom_client.js?v=44c221e3:13317:17)
    at recursivelyTraverseAndDoubleInvokeEffectsInDEV (http://localhost:5173/node_modules/.vite/deps/react-dom_client.js?v=44c221e3:13317:17)
    at recursivelyTraverseAndDoubleInvokeEffectsInDEV (http://localhost:5173/node_modules/.vite/deps/react-dom_client.js?v=44c221e3:13317:17)
    at recursivelyTraverseAndDoubleInvokeEffectsInDEV (http://localhost:5173/node_modules/.vite/deps/react-dom_client.js?v=44c221e3:13317:17)
    at recursivelyTraverseAndDoubleInvokeEffectsInDEV (http://localhost:5173/node_modules/.vite/deps/react-dom_client.js?v=44c221e3:13317:17)
    at recursivelyTraverseAndDoubleInvokeEffectsInDEV (http://localhost:5173/node_modules/.vite/deps/react-dom_client.js?v=44c221e3:13317:17)
    at recursivelyTraverseAndDoubleInvokeEffectsInDEV (http://localhost:5173/node_modules/.vite/deps/react-dom_client.js?v=44c221e3:13317:17)
    at recursivelyTraverseAndDoubleInvokeEffectsInDEV (http://localhost:5173/node_modules/.vite/deps/react-dom_client.js?v=44c221e3:13317:17)
    at recursivelyTraverseAndDoubleInvokeEffectsInDEV (http://localhost:5173/node_modules/.vite/deps/react-dom_client.js?v=44c221e3:13317:17)
    at recursivelyTraverseAndDoubleInvokeEffectsInDEV (http://localhost:5173/node_modules/.vite/deps/react-dom_client.js?v=44c221e3:13317:17)
    at recursivelyTraverseAndDoubleInvokeEffectsInDEV (http://localhost:5173/node_modules/.vite/deps/react-dom_client.js?v=44c221e3:13317:17)
    at recursivelyTraverseAndDoubleInvokeEffectsInDEV (http://localhost:5173/node_modules/.vite/deps/react-dom_client.js?v=44c221e3:13317:17)
    at recursivelyTraverseAndDoubleInvokeEffectsInDEV (http://localhost:5173/node_modules/.vite/deps/react-dom_client.js?v=44c221e3:13317:17)
    at recursivelyTraverseAndDoubleInvokeEffectsInDEV (http://localhost:5173/node_modules/.vite/deps/react-dom_client.js?v=44c221e3:13317:17)
    at recursivelyTraverseAndDoubleInvokeEffectsInDEV (http://localhost:5173/node_modules/.vite/deps/react-dom_client.js?v=44c221e3:13317:17)
    at recursivelyTraverseAndDoubleInvokeEffectsInDEV (http://localhost:5173/node_modules/.vite/deps/react-dom_client.js?v=44c221e3:13317:17)
    at recursivelyTraverseAndDoubleInvokeEffectsInDEV (http://localhost:5173/node_modules/.vite/deps/react-dom_client.js?v=44c221e3:13317:17)
    at recursivelyTraverseAndDoubleInvokeEffectsInDEV (http://localhost:5173/node_modules/.vite/deps/react-dom_client.js?v=44c221e3:13317:17)
    at recursivelyTraverseAndDoubleInvokeEffectsInDEV (http://localhost:5173/node_modules/.vite/deps/react-dom_client.js?v=44c221e3:13317:17)
    at recursivelyTraverseAndDoubleInvokeEffectsInDEV (http://localhost:5173/node_modules/.vite/deps/react-dom_client.js?v=44c221e3:13317:17)
    at recursivelyTraverseAndDoubleInvokeEffectsInDEV (http://localhost:5173/node_modules/.vite/deps/react-dom_client.js?v=44c221e3:13317:17)
    at recursivelyTraverseAndDoubleInvokeEffectsInDEV (http://localhost:5173/node_modules/.vite/deps/react-dom_client.js?v=44c221e3:13317:17)
    at recursivelyTraverseAndDoubleInvokeEffectsInDEV (http://localhost:5173/node_modules/.vite/deps/react-dom_client.js?v=44c221e3:13317:17)
    at recursivelyTraverseAndDoubleInvokeEffectsInDEV (http://localhost:5173/node_modules/.vite/deps/react-dom_client.js?v=44c221e3:13317:17)
    at recursivelyTraverseAndDoubleInvokeEffectsInDEV (http://localhost:5173/node_modules/.vite/deps/react-dom_client.js?v=44c221e3:13317:17)
    at recursivelyTraverseAndDoubleInvokeEffectsInDEV (http://localhost:5173/node_modules/.vite/deps/react-dom_client.js?v=44c221e3:13317:17)
    at recursivelyTraverseAndDoubleInvokeEffectsInDEV (http://localhost:5173/node_modules/.vite/deps/react-dom_client.js?v=44c221e3:13317:17)
    at recursivelyTraverseAndDoubleInvokeEffectsInDEV (http://localhost:5173/node_modules/.vite/deps/react-dom_client.js?v=44c221e3:13317:17)
    at recursivelyTraverseAndDoubleInvokeEffectsInDEV (http://localhost:5173/node_modules/.vite/deps/react-dom_client.js?v=44c221e3:13317:17)
    at recursivelyTraverseAndDoubleInvokeEffectsInDEV (http://localhost:5173/node_modules/.vite/deps/react-dom_client.js?v=44c221e3:13317:17)
    at recursivelyTraverseAndDoubleInvokeEffectsInDEV (http://localhost:5173/node_modules/.vite/deps/react-dom_client.js?v=44c221e3:13317:17)
    at recursivelyTraverseAndDoubleInvokeEffectsInDEV (http://localhost:5173/node_modules/.vite/deps/react-dom_client.js?v=44c221e3:13317:17)
    at recursivelyTraverseAndDoubleInvokeEffectsInDEV (http://localhost:5173/node_modules/.vite/deps/react-dom_client.js?v=44c221e3:13317:17)
    at recursivelyTraverseAndDoubleInvokeEffectsInDEV (http://localhost:5173/node_modules/.vite/deps/react-dom_client.js?v=44c221e3:13317:17)
    at recursivelyTraverseAndDoubleInvokeEffectsInDEV (http://localhost:5173/node_modules/.vite/deps/react-dom_client.js?v=44c221e3:13317:17)
    at recursivelyTraverseAndDoubleInvokeEffectsInDEV (http://localhost:5173/node_modules/.vite/deps/react-dom_client.js?v=44c221e3:13317:17)
    at recursivelyTraverseAndDoubleInvokeEffectsInDEV (http://localhost:5173/node_modules/.vite/deps/react-dom_client.js?v=44c221e3:13317:17)
    at recursivelyTraverseAndDoubleInvokeEffectsInDEV (http://localhost:5173/node_modules/.vite/deps/react-dom_client.js?v=44c221e3:13317:17)
    at recursivelyTraverseAndDoubleInvokeEffectsInDEV (http://localhost:5173/node_modules/.vite/deps/react-dom_client.js?v=44c221e3:13317:17)
    at recursivelyTraverseAndDoubleInvokeEffectsInDEV (http://localhost:5173/node_modules/.vite/deps/react-dom_client.js?v=44c221e3:13317:17)
    at recursivelyTraverseAndDoubleInvokeEffectsInDEV (http://localhost:5173/node_modules/.vite/deps/react-dom_client.js?v=44c221e3:13317:17) @ http://localhost:5173/node_modules/.vite/deps/echarts-for-react_lib_core.js?v=44c221e3:473
[     797ms] [WARNING] TypeError: Cannot read properties of undefined (reading 'disconnect')
    at Object.destroy2 [as destroy] (http://localhost:5173/node_modules/.vite/deps/echarts-for-react_lib_core.js?v=44c221e3:195:16)
    at removeSensor2 (http://localhost:5173/node_modules/.vite/deps/echarts-for-react_lib_core.js?v=44c221e3:273:14)
    at clear2 (http://localhost:5173/node_modules/.vite/deps/echarts-for-react_lib_core.js?v=44c221e3:299:36)
    at EChartsReactCore2.dispose (http://localhost:5173/node_modules/.vite/deps/echarts-for-react_lib_core.js?v=44c221e3:472:39)
    at EChartsReactCore2.componentWillUnmount (http://localhost:5173/node_modules/.vite/deps/echarts-for-react_lib_core.js?v=44c221e3:446:16)
    at Object.react_stack_bottom_frame (http://localhost:5173/node_modules/.vite/deps/react-dom_client.js?v=44c221e3:18556:22)
    at runWithFiberInDEV (http://localhost:5173/node_modules/.vite/deps/react-dom_client.js?v=44c221e3:997:72)
    at safelyCallComponentWillUnmount (http://localhost:5173/node_modules/.vite/deps/react-dom_client.js?v=44c221e3:9544:56)
    at disappearLayoutEffects (http://localhost:5173/node_modules/.vite/deps/react-dom_client.js?v=44c221e3:10811:68)
    at recursivelyTraverseDisappearLayoutEffects (http://localhost:5173/node_modules/.vite/deps/react-dom_client.js?v=44c221e3:10852:11)
    at disappearLayoutEffects (http://localhost:5173/node_modules/.vite/deps/react-dom_client.js?v=44c221e3:10806:13)
    at recursivelyTraverseDisappearLayoutEffects (http://localhost:5173/node_modules/.vite/deps/react-dom_client.js?v=44c221e3:10852:11)
    at disappearLayoutEffects (http://localhost:5173/node_modules/.vite/deps/react-dom_client.js?v=44c221e3:10830:52)
    at doubleInvokeEffectsOnFiber (http://localhost:5173/node_modules/.vite/deps/react-dom_client.js?v=44c221e3:13339:11)
    at runWithFiberInDEV (http://localhost:5173/node_modules/.vite/deps/react-dom_client.js?v=44c221e3:999:15)
    at recursivelyTraverseAndDoubleInvokeEffectsInDEV (http://localhost:5173/node_modules/.vite/deps/react-dom_client.js?v=44c221e3:13321:92)
    at recursivelyTraverseAndDoubleInvokeEffectsInDEV (http://localhost:5173/node_modules/.vite/deps/react-dom_client.js?v=44c221e3:13317:17)
    at recursivelyTraverseAndDoubleInvokeEffectsInDEV (http://localhost:5173/node_modules/.vite/deps/react-dom_client.js?v=44c221e3:13317:17)
    at recursivelyTraverseAndDoubleInvokeEffectsInDEV (http://localhost:5173/node_modules/.vite/deps/react-dom_client.js?v=44c221e3:13317:17)
    at recursivelyTraverseAndDoubleInvokeEffectsInDEV (http://localhost:5173/node_modules/.vite/deps/react-dom_client.js?v=44c221e3:13317:17)
    at recursivelyTraverseAndDoubleInvokeEffectsInDEV (http://localhost:5173/node_modules/.vite/deps/react-dom_client.js?v=44c221e3:13317:17)
    at recursivelyTraverseAndDoubleInvokeEffectsInDEV (http://localhost:5173/node_modules/.vite/deps/react-dom_client.js?v=44c221e3:13317:17)
    at recursivelyTraverseAndDoubleInvokeEffectsInDEV (http://localhost:5173/node_modules/.vite/deps/react-dom_client.js?v=44c221e3:13317:17)
    at recursivelyTraverseAndDoubleInvokeEffectsInDEV (http://localhost:5173/node_modules/.vite/deps/react-dom_client.js?v=44c221e3:13317:17)
    at recursivelyTraverseAndDoubleInvokeEffectsInDEV (http://localhost:5173/node_modules/.vite/deps/react-dom_client.js?v=44c221e3:13317:17)
    at recursivelyTraverseAndDoubleInvokeEffectsInDEV (http://localhost:5173/node_modules/.vite/deps/react-dom_client.js?v=44c221e3:13317:17)
    at recursivelyTraverseAndDoubleInvokeEffectsInDEV (http://localhost:5173/node_modules/.vite/deps/react-dom_client.js?v=44c221e3:13317:17)
    at recursivelyTraverseAndDoubleInvokeEffectsInDEV (http://localhost:5173/node_modules/.vite/deps/react-dom_client.js?v=44c221e3:13317:17)
    at recursivelyTraverseAndDoubleInvokeEffectsInDEV (http://localhost:5173/node_modules/.vite/deps/react-dom_client.js?v=44c221e3:13317:17)
    at recursivelyTraverseAndDoubleInvokeEffectsInDEV (http://localhost:5173/node_modules/.vite/deps/react-dom_client.js?v=44c221e3:13317:17)
    at recursivelyTraverseAndDoubleInvokeEffectsInDEV (http://localhost:5173/node_modules/.vite/deps/react-dom_client.js?v=44c221e3:13317:17)
    at recursivelyTraverseAndDoubleInvokeEffectsInDEV (http://localhost:5173/node_modules/.vite/deps/react-dom_client.js?v=44c221e3:13317:17)
    at recursivelyTraverseAndDoubleInvokeEffectsInDEV (http://localhost:5173/node_modules/.vite/deps/react-dom_client.js?v=44c221e3:13317:17)
    at recursivelyTraverseAndDoubleInvokeEffectsInDEV (http://localhost:5173/node_modules/.vite/deps/react-dom_client.js?v=44c221e3:13317:17)
    at recursivelyTraverseAndDoubleInvokeEffectsInDEV (http://localhost:5173/node_modules/.vite/deps/react-dom_client.js?v=44c221e3:13317:17)
    at recursivelyTraverseAndDoubleInvokeEffectsInDEV (http://localhost:5173/node_modules/.vite/deps/react-dom_client.js?v=44c221e3:13317:17)
    at recursivelyTraverseAndDoubleInvokeEffectsInDEV (http://localhost:5173/node_modules/.vite/deps/react-dom_client.js?v=44c221e3:13317:17)
    at recursivelyTraverseAndDoubleInvokeEffectsInDEV (http://localhost:5173/node_modules/.vite/deps/react-dom_client.js?v=44c221e3:13317:17)
    at recursivelyTraverseAndDoubleInvokeEffectsInDEV (http://localhost:5173/node_modules/.vite/deps/react-dom_client.js?v=44c221e3:13317:17)
    at recursivelyTraverseAndDoubleInvokeEffectsInDEV (http://localhost:5173/node_modules/.vite/deps/react-dom_client.js?v=44c221e3:13317:17)
    at recursivelyTraverseAndDoubleInvokeEffectsInDEV (http://localhost:5173/node_modules/.vite/deps/react-dom_client.js?v=44c221e3:13317:17)
    at recursivelyTraverseAndDoubleInvokeEffectsInDEV (http://localhost:5173/node_modules/.vite/deps/react-dom_client.js?v=44c221e3:13317:17)
    at recursivelyTraverseAndDoubleInvokeEffectsInDEV (http://localhost:5173/node_modules/.vite/deps/react-dom_client.js?v=44c221e3:13317:17)
    at recursivelyTraverseAndDoubleInvokeEffectsInDEV (http://localhost:5173/node_modules/.vite/deps/react-dom_client.js?v=44c221e3:13317:17)
    at recursivelyTraverseAndDoubleInvokeEffectsInDEV (http://localhost:5173/node_modules/.vite/deps/react-dom_client.js?v=44c221e3:13317:17)
    at recursivelyTraverseAndDoubleInvokeEffectsInDEV (http://localhost:5173/node_modules/.vite/deps/react-dom_client.js?v=44c221e3:13317:17)
    at recursivelyTraverseAndDoubleInvokeEffectsInDEV (http://localhost:5173/node_modules/.vite/deps/react-dom_client.js?v=44c221e3:13317:17)
    at recursivelyTraverseAndDoubleInvokeEffectsInDEV (http://localhost:5173/node_modules/.vite/deps/react-dom_client.js?v=44c221e3:13317:17)
    at recursivelyTraverseAndDoubleInvokeEffectsInDEV (http://localhost:5173/node_modules/.vite/deps/react-dom_client.js?v=44c221e3:13317:17)
    at recursivelyTraverseAndDoubleInvokeEffectsInDEV (http://localhost:5173/node_modules/.vite/deps/react-dom_client.js?v=44c221e3:13317:17)
    at recursivelyTraverseAndDoubleInvokeEffectsInDEV (http://localhost:5173/node_modules/.vite/deps/react-dom_client.js?v=44c221e3:13317:17)
    at recursivelyTraverseAndDoubleInvokeEffectsInDEV (http://localhost:5173/node_modules/.vite/deps/react-dom_client.js?v=44c221e3:13317:17)
    at recursivelyTraverseAndDoubleInvokeEffectsInDEV (http://localhost:5173/node_modules/.vite/deps/react-dom_client.js?v=44c221e3:13317:17)
    at recursivelyTraverseAndDoubleInvokeEffectsInDEV (http://localhost:5173/node_modules/.vite/deps/react-dom_client.js?v=44c221e3:13317:17)
    at recursivelyTraverseAndDoubleInvokeEffectsInDEV (http://localhost:5173/node_modules/.vite/deps/react-dom_client.js?v=44c221e3:13317:17)
    at recursivelyTraverseAndDoubleInvokeEffectsInDEV (http://localhost:5173/node_modules/.vite/deps/react-dom_client.js?v=44c221e3:13317:17)
    at recursivelyTraverseAndDoubleInvokeEffectsInDEV (http://localhost:5173/node_modules/.vite/deps/react-dom_client.js?v=44c221e3:13317:17)
    at recursivelyTraverseAndDoubleInvokeEffectsInDEV (http://localhost:5173/node_modules/.vite/deps/react-dom_client.js?v=44c221e3:13317:17)
    at recursivelyTraverseAndDoubleInvokeEffectsInDEV (http://localhost:5173/node_modules/.vite/deps/react-dom_client.js?v=44c221e3:13317:17)
    at recursivelyTraverseAndDoubleInvokeEffectsInDEV (http://localhost:5173/node_modules/.vite/deps/react-dom_client.js?v=44c221e3:13317:17)
    at recursivelyTraverseAndDoubleInvokeEffectsInDEV (http://localhost:5173/node_modules/.vite/deps/react-dom_client.js?v=44c221e3:13317:17)
    at recursivelyTraverseAndDoubleInvokeEffectsInDEV (http://localhost:5173/node_modules/.vite/deps/react-dom_client.js?v=44c221e3:13317:17)
    at recursivelyTraverseAndDoubleInvokeEffectsInDEV (http://localhost:5173/node_modules/.vite/deps/react-dom_client.js?v=44c221e3:13317:17)
    at recursivelyTraverseAndDoubleInvokeEffectsInDEV (http://localhost:5173/node_modules/.vite/deps/react-dom_client.js?v=44c221e3:13317:17) @ http://localhost:5173/node_modules/.vite/deps/echarts-for-react_lib_core.js?v=44c221e3:473
[     828ms] [WARNING] [ECharts] DEPRECATED: hoverAnimation is deprecated, use emphasis.scale instead. @ http://localhost:5173/node_modules/.vite/deps/chunk-IYRJS5K4.js?v=44c221e3:607
[ 1064388ms] [WARNING] [React Flow]: It looks like you've created a new nodeTypes or edgeTypes object. If this wasn't on purpose please define the nodeTypes/edgeTypes outside of the component or memoize them. Help: https://reactflow.dev/error#002 @ http://localhost:5173/node_modules/.vite/deps/@xyflow_react.js?v=44c221e3:3761
[ 1068101ms] [WARNING] [React Flow]: It looks like you've created a new nodeTypes or edgeTypes object. If this wasn't on purpose please define the nodeTypes/edgeTypes outside of the component or memoize them. Help: https://reactflow.dev/error#002 @ http://localhost:5173/node_modules/.vite/deps/@xyflow_react.js?v=44c221e3:3761
[ 1085711ms] [WARNING] [React Flow]: It looks like you've created a new nodeTypes or edgeTypes object. If this wasn't on purpose please define the nodeTypes/edgeTypes outside of the component or memoize them. Help: https://reactflow.dev/error#002 @ http://localhost:5173/node_modules/.vite/deps/@xyflow_react.js?v=44c221e3:3761
[ 1144625ms] [WARNING] [React Flow]: It looks like you've created a new nodeTypes or edgeTypes object. If this wasn't on purpose please define the nodeTypes/edgeTypes outside of the component or memoize them. Help: https://reactflow.dev/error#002 @ http://localhost:5173/node_modules/.vite/deps/@xyflow_react.js?v=44c221e3:3761
[ 1299860ms] [WARNING] [React Flow]: It looks like you've created a new nodeTypes or edgeTypes object. If this wasn't on purpose please define the nodeTypes/edgeTypes outside of the component or memoize them. Help: https://reactflow.dev/error#002 @ http://localhost:5173/node_modules/.vite/deps/@xyflow_react.js?v=44c221e3:3761
[ 1460320ms] [WARNING] [React Flow]: It looks like you've created a new nodeTypes or edgeTypes object. If this wasn't on purpose please define the nodeTypes/edgeTypes outside of the component or memoize them. Help: https://reactflow.dev/error#002 @ http://localhost:5173/node_modules/.vite/deps/@xyflow_react.js?v=44c221e3:3761
[ 1540101ms] [WARNING] [React Flow]: It looks like you've created a new nodeTypes or edgeTypes object. If this wasn't on purpose please define the nodeTypes/edgeTypes outside of the component or memoize them. Help: https://reactflow.dev/error#002 @ http://localhost:5173/node_modules/.vite/deps/@xyflow_react.js?v=44c221e3:3761
[ 1622614ms] [WARNING] [React Flow]: It looks like you've created a new nodeTypes or edgeTypes object. If this wasn't on purpose please define the nodeTypes/edgeTypes outside of the component or memoize them. Help: https://reactflow.dev/error#002 @ http://localhost:5173/node_modules/.vite/deps/@xyflow_react.js?v=44c221e3:3761
[12948895ms] [ERROR] Failed to load resource: net::ERR_CONNECTION_REFUSED @ http://localhost:5173/:0
[12949896ms] [ERROR] Failed to load resource: net::ERR_CONNECTION_REFUSED @ http://localhost:5173/:0
[12950898ms] [ERROR] Failed to load resource: net::ERR_CONNECTION_REFUSED @ http://localhost:5173/:0
[12951900ms] [ERROR] Failed to load resource: net::ERR_CONNECTION_REFUSED @ http://localhost:5173/:0
[12952902ms] [ERROR] Failed to load resource: net::ERR_CONNECTION_REFUSED @ http://localhost:5173/:0
[12953904ms] [ERROR] Failed to load resource: net::ERR_CONNECTION_REFUSED @ http://localhost:5173/:0
[12954906ms] [ERROR] Failed to load resource: net::ERR_CONNECTION_REFUSED @ http://localhost:5173/:0
[12955908ms] [ERROR] Failed to load resource: net::ERR_CONNECTION_REFUSED @ http://localhost:5173/:0
[12956910ms] [ERROR] Failed to load resource: net::ERR_CONNECTION_REFUSED @ http://localhost:5173/:0
[12957912ms] [ERROR] Failed to load resource: net::ERR_CONNECTION_REFUSED @ http://localhost:5173/:0
[12958913ms] [ERROR] Failed to load resource: net::ERR_CONNECTION_REFUSED @ http://localhost:5173/:0
[12959915ms] [ERROR] Failed to load resource: net::ERR_CONNECTION_REFUSED @ http://localhost:5173/:0
[12960916ms] [ERROR] Failed to load resource: net::ERR_CONNECTION_REFUSED @ http://localhost:5173/:0
[12961918ms] [ERROR] Failed to load resource: net::ERR_CONNECTION_REFUSED @ http://localhost:5173/:0
[12962920ms] [ERROR] Failed to load resource: net::ERR_CONNECTION_REFUSED @ http://localhost:5173/:0
[12963921ms] [ERROR] Failed to load resource: net::ERR_CONNECTION_REFUSED @ http://localhost:5173/:0
[12964924ms] [ERROR] Failed to load resource: net::ERR_CONNECTION_REFUSED @ http://localhost:5173/:0
